<?xml version="1.0" encoding="UTF-8"?>
<testng-results ignored="0" total="3" passed="3" failed="0" skipped="0">
  <reporter-output>
  </reporter-output>
  <suite started-at="2020-05-16T10:18:11Z" name="Surefire suite" finished-at="2020-05-16T10:18:11Z" duration-ms="117">
    <groups>
    </groups>
    <test started-at="2020-05-16T10:18:11Z" name="Surefire test" finished-at="2020-05-16T10:18:11Z" duration-ms="117">
      <class name="MathProblem.TestAvg">
        <test-method signature="testNegative2()" started-at="2020-05-16T13:18:11Z" name="testNegative2" finished-at="2020-05-16T13:18:11Z" duration-ms="20" status="PASS">
          <reporter-output>
          </reporter-output>
        </test-method> <!-- testNegative2 -->
        <test-method signature="testPositive()" started-at="2020-05-16T13:18:11Z" name="testPositive" finished-at="2020-05-16T13:18:11Z" duration-ms="20" status="PASS">
          <reporter-output>
          </reporter-output>
        </test-method> <!-- testPositive -->
        <test-method signature="testNegative()" started-at="2020-05-16T13:18:11Z" name="testNegative" finished-at="2020-05-16T13:18:11Z" duration-ms="20" status="PASS">
          <reporter-output>
          </reporter-output>
        </test-method> <!-- testNegative -->
      </class> <!-- MathProblem.TestAvg -->
    </test> <!-- Surefire test -->
  </suite> <!-- Surefire suite -->
</testng-results>
