<?xml version="1.0" encoding="UTF-8"?>
<testng-results ignored="0" total="1" passed="1" failed="0" skipped="0">
  <reporter-output>
  </reporter-output>
  <suite started-at="2020-05-16T10:17:51Z" name="Surefire suite" finished-at="2020-05-16T10:18:11Z" duration-ms="19722">
    <groups>
    </groups>
    <test started-at="2020-05-16T10:17:51Z" name="Surefire test" finished-at="2020-05-16T10:18:11Z" duration-ms="19722">
      <class name="FlightBooking.AddTripTest">
        <test-method is-config="true" signature="setUp()[pri:0, instance:FlightBooking.AddTripTest@c81cdd1]" started-at="2020-05-16T13:17:51Z" name="setUp" finished-at="2020-05-16T13:17:57Z" duration-ms="6290" status="PASS">
          <reporter-output>
          </reporter-output>
        </test-method> <!-- setUp -->
        <test-method signature="BookTrip()[pri:0, instance:FlightBooking.AddTripTest@c81cdd1]" started-at="2020-05-16T13:17:57Z" name="BookTrip" finished-at="2020-05-16T13:18:08Z" duration-ms="10636" status="PASS">
          <reporter-output>
          </reporter-output>
        </test-method> <!-- BookTrip -->
        <test-method is-config="true" signature="tearDown()[pri:0, instance:FlightBooking.AddTripTest@c81cdd1]" started-at="2020-05-16T13:18:08Z" name="tearDown" finished-at="2020-05-16T13:18:11Z" duration-ms="2774" status="PASS">
          <reporter-output>
          </reporter-output>
        </test-method> <!-- tearDown -->
      </class> <!-- FlightBooking.AddTripTest -->
    </test> <!-- Surefire test -->
  </suite> <!-- Surefire suite -->
</testng-results>
