<?xml version="1.0" encoding="UTF-8"?>
<testsuite xmlns:xsi="http://www.w3.org/2001/XMLSchema-instance" xsi:noNamespaceSchemaLocation="https://maven.apache.org/surefire/maven-surefire-plugin/xsd/surefire-test-report.xsd" name="TestSuite" time="23.045" tests="1" errors="0" skipped="0" failures="1">
  <properties>
[...]
</properties>
  <testcase name="BookTrip" classname="FlightBooking.AddTripTest" time="1.17">
    <failure message="stale element reference: element is not attached to the page document&#10;  (Session info: chrome=81.0.4044.138)&#10;For documentation on this error, please visit: https://www.seleniumhq.org/exceptions/stale_element_reference.html&#10;Build info: version: &apos;3.141.59&apos;, revision: &apos;e82be7d358&apos;, time: &apos;2018-11-14T08:17:03&apos;&#10;System info: host: &apos;DESKTOP-COMQHP6&apos;, ip: &apos;192.168.136.1&apos;, os.name: &apos;Windows 10&apos;, os.arch: &apos;amd64&apos;, os.version: &apos;10.0&apos;, java.version: &apos;13.0.2&apos;&#10;Driver info: org.openqa.selenium.chrome.ChromeDriver&#10;Capabilities {acceptInsecureCerts: false, browserName: chrome, browserVersion: 81.0.4044.138, chrome: {chromedriverVersion: 81.0.4044.69 (6813546031a4b..., userDataDir: C:\Users\Saltas\AppData\Loc...}, goog:chromeOptions: {debuggerAddress: localhost:63377}, javascriptEnabled: true, networkConnectionEnabled: false, pageLoadStrategy: normal, platform: WINDOWS, platformName: WINDOWS, proxy: Proxy(), setWindowRect: true, strictFileInteractability: false, timeouts: {implicit: 0, pageLoad: 300000, script: 30000}, unhandledPromptBehavior: dismiss and notify, webauthn:virtualAuthenticators: true}&#10;Session ID: 6117fc8011212b1e6539daa0f202e5f9" type="org.openqa.selenium.StaleElementReferenceException">org.openqa.selenium.StaleElementReferenceException: 
stale element reference: element is not attached to the page document
  (Session info: chrome=81.0.4044.138)
For documentation on this error, please visit: https://www.seleniumhq.org/exceptions/stale_element_reference.html
Build info: version: '3.141.59', revision: 'e82be7d358', time: '2018-11-14T08:17:03'
System info: host: 'DESKTOP-COMQHP6', ip: '192.168.136.1', os.name: 'Windows 10', os.arch: 'amd64', os.version: '10.0', java.version: '13.0.2'
Driver info: org.openqa.selenium.chrome.ChromeDriver
Capabilities {acceptInsecureCerts: false, browserName: chrome, browserVersion: 81.0.4044.138, chrome: {chromedriverVersion: 81.0.4044.69 (6813546031a4b..., userDataDir: C:\Users\Saltas\AppData\Loc...}, goog:chromeOptions: {debuggerAddress: localhost:63377}, javascriptEnabled: true, networkConnectionEnabled: false, pageLoadStrategy: normal, platform: WINDOWS, platformName: WINDOWS, proxy: Proxy(), setWindowRect: true, strictFileInteractability: false, timeouts: {implicit: 0, pageLoad: 300000, script: 30000}, unhandledPromptBehavior: dismiss and notify, webauthn:virtualAuthenticators: true}
Session ID: 6117fc8011212b1e6539daa0f202e5f9
	at FlightBooking.AddTripTest.BookTrip(AddTripTest.java:43)
</failure>
    <system-out><![CDATA[<li id="react-autosuggest-1-suggestion--0" class="react-autosuggest__suggestion lh1-3" role="option"><div class=""><div class="fl hidden-sm  padT5 hidden-xs"><i class="fl icon-flights ico12"></i></div><div class="dib marginL10 pad0 textOverflow width90"><div class="mainTxt clearfix"><span>Athens, Greece</span><span class="txtTransUpper ico14 greyLt padL5">(ATH)</span></div><div class="fl auto-ctryAir-ellip mobEllipsis padT2 autoHm-ctryAir-ellip"><span class="clearfix"><small class="font12Lt">Eleftherios Venizelos International Airport</small></span></div><span class="fr"><small class="font12Lt vMid padR5 dib">GR</small><span class="flag-sprt vMid dib gr"></span></span><span class="clearfix">&nbsp;</span><!-- react-text: 507 --><!-- /react-text --></div></div></li><li id="react-autosuggest-1-suggestion--1" class="react-autosuggest__suggestion lh1-3" role="option"><div class=""><div class="fl hidden-sm  padT5 hidden-xs"><i class="fl icon-flights ico12"></i></div><div class="dib marginL10 pad0 textOverflow width90"><div class="mainTxt clearfix"><span>Athens, United States</span><span class="txtTransUpper ico14 greyLt padL5">(AHN)</span></div><div class="fl auto-ctryAir-ellip mobEllipsis padT2 autoHm-ctryAir-ellip"><span class="clearfix"><small class="font12Lt">Athens Ben Epps Airport</small></span></div><span class="fr"><small class="font12Lt vMid padR5 dib">US</small><span class="flag-sprt vMid dib us"></span></span><span class="clearfix">&nbsp;</span><!-- react-text: 523 --><!-- /react-text --></div></div></li><li id="react-autosuggest-1-suggestion--2" class="react-autosuggest__suggestion lh1-3" role="option"><div class=""><div class="fl hidden-sm  padT5 hidden-xs"><i class="fl icon-flights ico12"></i></div><div class="dib marginL10 pad0 textOverflow width90"><div class="mainTxt clearfix"><span>Colombo, Sri Lanka</span><span class="txtTransUpper ico14 greyLt padL5">(CMB)</span></div><div class="fl auto-ctryAir-ellip mobEllipsis padT2 autoHm-ctryAir-ellip"><span class="clearfix"><small class="font12Lt">Bandaranaike International Colombo Airport</small></span></div><span class="fr"><small class="font12Lt vMid padR5 dib">LK</small><span class="flag-sprt vMid dib lk"></span></span><span class="clearfix">&nbsp;</span><span class="clearfix"><small class="font12Lt"><!-- react-text: 541 --> <!-- /react-text --><span class="fb">(14</span><!-- react-text: 543 --> KMs from <!-- /react-text --><span class="fb">Athurugiriya,, Sri Lanka)</span></small></span></div></div></li><li id="react-autosuggest-1-suggestion--3" class="react-autosuggest__suggestion lh1-3" role="option"><div class=""><div class="fl hidden-sm  padT5 hidden-xs"><i class="fl icon-flights ico12"></i></div><div class="dib marginL10 pad0 textOverflow width90"><div class="mainTxt clearfix"><span>London, United Kingdom</span><span class="txtTransUpper ico14 greyLt padL5">(LHR)</span></div><div class="fl auto-ctryAir-ellip mobEllipsis padT2 autoHm-ctryAir-ellip"><span class="clearfix"><small class="font12Lt">London Heathrow Airport</small></span></div><span class="fr"><small class="font12Lt vMid padR5 dib">GB</small><span class="flag-sprt vMid dib gb"></span></span><span class="clearfix">&nbsp;</span><span class="clearfix"><small class="font12Lt"><!-- react-text: 562 --> <!-- /react-text --><span class="fb">(153</span><!-- react-text: 564 --> KMs from <!-- /react-text --><span class="fb">Atherstone, United Kingdom)</span></small></span></div></div></li><li id="react-autosuggest-1-suggestion--4" class="react-autosuggest__suggestion lh1-3" role="option"><div class=""><div class="fl hidden-sm  padT5 hidden-xs"><i class="fl icon-flights ico12"></i></div><div class="dib marginL10 pad0 textOverflow width90"><div class="mainTxt clearfix"><span>Male, Maldives</span><span class="txtTransUpper ico14 greyLt padL5">(MLE)</span></div><div class="fl auto-ctryAir-ellip mobEllipsis padT2 autoHm-ctryAir-ellip"><span class="clearfix"><small class="font12Lt">Male International Airport</small></span></div><span class="fr"><small class="font12Lt vMid padR5 dib">MV</small><span class="flag-sprt vMid dib mv"></span></span><span class="clearfix">&nbsp;</span><span class="clearfix"><small class="font12Lt"><!-- react-text: 583 --> <!-- /react-text --><span class="fb">(83</span><!-- react-text: 585 --> KMs from <!-- /react-text --><span class="fb">Athuruga Island, Maldives)</span></small></span></div></div></li><li id="react-autosuggest-1-suggestion--5" class="react-autosuggest__suggestion lh1-3" role="option"><div class=""><div class="fl hidden-sm  padT5 hidden-xs"><i class="fl icon-flights ico12"></i></div><div class="dib marginL10 pad0 textOverflow width90"><div class="mainTxt clearfix"><span>Atlanta, United States</span><span class="txtTransUpper ico14 greyLt padL5">(ATL)</span></div><div class="fl auto-ctryAir-ellip mobEllipsis padT2 autoHm-ctryAir-ellip"><span class="clearfix"><small class="font12Lt">Hartsfield Jackson Atlanta International Airport</small></span></div><span class="fr"><small class="font12Lt vMid padR5 dib">US</small><span class="flag-sprt vMid dib us"></span></span><span class="clearfix">&nbsp;</span><span class="clearfix"><small class="font12Lt"><!-- react-text: 604 --> <!-- /react-text --><span class="fb">(119</span><!-- react-text: 606 --> KMs from <!-- /react-text --><span class="fb">Athens, United States)</span></small></span></div></div></li><li id="react-autosuggest-1-suggestion--6" class="react-autosuggest__suggestion lh1-3" role="option"><div class=""><div class="fl hidden-sm  padT5 hidden-xs"><i class="fl icon-flights ico12"></i></div><div class="dib marginL10 pad0 textOverflow width90"><div class="mainTxt clearfix"><span>New York, United States</span><span class="txtTransUpper ico14 greyLt padL5">(JFK)</span></div><div class="fl auto-ctryAir-ellip mobEllipsis padT2 autoHm-ctryAir-ellip"><span class="clearfix"><small class="font12Lt">John F Kennedy International Airport</small></span></div><span class="fr"><small class="font12Lt vMid padR5 dib">US</small><span class="flag-sprt vMid dib us"></span></span><span class="clearfix">&nbsp;</span><span class="clearfix"><small class="font12Lt"><!-- react-text: 625 --> <!-- /react-text --><span class="fb">(177</span><!-- react-text: 627 --> KMs from <!-- /react-text --><span class="fb">Athens, United States)</span></small></span></div></div></li><li id="react-autosuggest-1-suggestion--7" class="react-autosuggest__suggestion lh1-3" role="option"><div class=""><div class="fl hidden-sm  padT5 hidden-xs"><i class="fl icon-flights ico12"></i></div><div class="dib marginL10 pad0 textOverflow width90"><div class="mainTxt clearfix"><span>Dallas, United States</span><span class="txtTransUpper ico14 greyLt padL5">(DFW)</span></div><div class="fl auto-ctryAir-ellip mobEllipsis padT2 autoHm-ctryAir-ellip"><span class="clearfix"><small class="font12Lt">Dallas Fort Worth International Airport</small></span></div><span class="fr"><small class="font12Lt vMid padR5 dib">US</small><span class="flag-sprt vMid dib us"></span></span><span class="clearfix">&nbsp;</span><span class="clearfix"><small class="font12Lt"><!-- react-text: 646 --> <!-- /react-text --><span class="fb">(152</span><!-- react-text: 648 --> KMs from <!-- /react-text --><span class="fb">Athens, United States)</span></small></span></div></div></li>
Get visible Text: Athens, Greece(ATH)
Eleftherios Venizelos International Airport
GR
 
Get visible Text for Departure Airport: Athens, Greece(ATH)
Eleftherios Venizelos International Airport
GR
 
]]></system-out>
    <system-err><![CDATA[Starting ChromeDriver 81.0.4044.69 (6813546031a4bc83f717a2ef7cd4ac6ec1199132-refs/branch-heads/4044@{#776}) on port 5557
Only local connections are allowed.
Please protect ports used by ChromeDriver and related test frameworks to prevent access by malicious code.
May 27, 2020 6:27:34 PM org.openqa.selenium.remote.ProtocolHandshake createSession
INFO: Detected dialect: W3C
[1590593256.974][SEVERE]: Timed out receiving message from renderer: 0.100
[1590593257.087][SEVERE]: Timed out receiving message from renderer: 0.100
[1590593257.207][SEVERE]: Timed out receiving message from renderer: 0.100
[1590593257.308][SEVERE]: Timed out receiving message from renderer: 0.100
[1590593257.410][SEVERE]: Timed out receiving message from renderer: 0.100
[1590593257.511][SEVERE]: Timed out receiving message from renderer: 0.100
[1590593257.613][SEVERE]: Timed out receiving message from renderer: 0.100
[1590593257.715][SEVERE]: Timed out receiving message from renderer: 0.100
[1590593257.817][SEVERE]: Timed out receiving message from renderer: 0.100
[1590593259.027][SEVERE]: Timed out receiving message from renderer: 0.100
[1590593259.214][SEVERE]: Timed out receiving message from renderer: 0.100
[1590593259.405][SEVERE]: Timed out receiving message from renderer: 0.100
[1590593259.506][SEVERE]: Timed out receiving message from renderer: 0.100
[1590593259.748][SEVERE]: Timed out receiving message from renderer: 0.100
[1590593259.849][SEVERE]: Timed out receiving message from renderer: 0.100
[1590593259.950][SEVERE]: Timed out receiving message from renderer: 0.100
[1590593260.052][SEVERE]: Timed out receiving message from renderer: 0.100
[1590593260.154][SEVERE]: Timed out receiving message from renderer: 0.100
[1590593260.256][SEVERE]: Timed out receiving message from renderer: 0.100
[1590593260.359][SEVERE]: Timed out receiving message from renderer: 0.100
[1590593260.461][SEVERE]: Timed out receiving message from renderer: 0.100
[1590593260.562][SEVERE]: Timed out receiving message from renderer: 0.100
[1590593260.665][SEVERE]: Timed out receiving message from renderer: 0.100
[1590593260.767][SEVERE]: Timed out receiving message from renderer: 0.100
[1590593260.873][SEVERE]: Timed out receiving message from renderer: 0.100
[1590593261.000][SEVERE]: Timed out receiving message from renderer: 0.100
[1590593261.101][SEVERE]: Timed out receiving message from renderer: 0.100
[1590593261.203][SEVERE]: Timed out receiving message from renderer: 0.100
[1590593261.305][SEVERE]: Timed out receiving message from renderer: 0.100
[1590593261.406][SEVERE]: Timed out receiving message from renderer: 0.100
[1590593261.509][SEVERE]: Timed out receiving message from renderer: 0.100
[1590593261.611][SEVERE]: Timed out receiving message from renderer: 0.100
[1590593261.712][SEVERE]: Timed out receiving message from renderer: 0.100
[1590593261.814][SEVERE]: Timed out receiving message from renderer: 0.100
[1590593261.916][SEVERE]: Timed out receiving message from renderer: 0.100
[1590593262.018][SEVERE]: Timed out receiving message from renderer: 0.100
[1590593262.125][SEVERE]: Timed out receiving message from renderer: 0.100
[1590593262.226][SEVERE]: Timed out receiving message from renderer: 0.100
[1590593262.328][SEVERE]: Timed out receiving message from renderer: 0.100
[1590593262.544][SEVERE]: Timed out receiving message from renderer: 0.100
[1590593262.732][SEVERE]: Timed out receiving message from renderer: 0.100
[1590593262.833][SEVERE]: Timed out receiving message from renderer: 0.100
[1590593262.940][SEVERE]: Timed out receiving message from renderer: 0.100
[1590593263.045][SEVERE]: Timed out receiving message from renderer: 0.100
[1590593263.149][SEVERE]: Timed out receiving message from renderer: 0.100
[1590593263.255][SEVERE]: Timed out receiving message from renderer: 0.100
[1590593263.358][SEVERE]: Timed out receiving message from renderer: 0.100
[1590593263.461][SEVERE]: Timed out receiving message from renderer: 0.100
[1590593263.563][SEVERE]: Timed out receiving message from renderer: 0.100
[1590593263.665][SEVERE]: Timed out receiving message from renderer: 0.100
[1590593263.766][SEVERE]: Timed out receiving message from renderer: 0.100
[1590593263.867][SEVERE]: Timed out receiving message from renderer: 0.100
[1590593263.969][SEVERE]: Timed out receiving message from renderer: 0.100
[1590593264.070][SEVERE]: Timed out receiving message from renderer: 0.100
[1590593264.172][SEVERE]: Timed out receiving message from renderer: 0.100
[1590593264.273][SEVERE]: Timed out receiving message from renderer: 0.100
[1590593264.374][SEVERE]: Timed out receiving message from renderer: 0.100
[1590593264.479][SEVERE]: Timed out receiving message from renderer: 0.100
[1590593264.583][SEVERE]: Timed out receiving message from renderer: 0.100
[1590593264.686][SEVERE]: Timed out receiving message from renderer: 0.100
[1590593264.787][SEVERE]: Timed out receiving message from renderer: 0.100
[1590593264.889][SEVERE]: Timed out receiving message from renderer: 0.100
[1590593264.991][SEVERE]: Timed out receiving message from renderer: 0.100
[1590593265.092][SEVERE]: Timed out receiving message from renderer: 0.100
[1590593265.193][SEVERE]: Timed out receiving message from renderer: 0.100
[1590593265.295][SEVERE]: Timed out receiving message from renderer: 0.100
[1590593265.396][SEVERE]: Timed out receiving message from renderer: 0.100
[1590593265.498][SEVERE]: Timed out receiving message from renderer: 0.100
[1590593265.599][SEVERE]: Timed out receiving message from renderer: 0.100
[1590593265.705][SEVERE]: Timed out receiving message from renderer: 0.100
[1590593265.808][SEVERE]: Timed out receiving message from renderer: 0.100
[1590593266.095][SEVERE]: Timed out receiving message from renderer: 0.100
[1590593266.337][SEVERE]: Timed out receiving message from renderer: 0.100
[1590593266.438][SEVERE]: Timed out receiving message from renderer: 0.100
[1590593266.597][SEVERE]: Timed out receiving message from renderer: 0.100
[1590593266.699][SEVERE]: Timed out receiving message from renderer: 0.100
[1590593266.800][SEVERE]: Timed out receiving message from renderer: 0.100
[1590593266.903][SEVERE]: Timed out receiving message from renderer: 0.100
[1590593267.004][SEVERE]: Timed out receiving message from renderer: 0.100
]]></system-err>
  </testcase>
</testsuite>