<?xml version="1.0" encoding="UTF-8"?>
<testng-results ignored="0" total="1" passed="1" failed="0" skipped="0">
  <reporter-output>
  </reporter-output>
  <suite started-at="2020-05-25T20:40:50Z" name="TestSuite" finished-at="2020-05-25T20:41:14Z" duration-ms="23712">
    <groups>
    </groups>
    <test started-at="2020-05-25T20:40:50Z" name="ExpediaSearchPage" finished-at="2020-05-25T20:41:14Z" duration-ms="23712">
      <class name="FlightBooking.AddTripTest">
        <test-method is-config="true" signature="setUp()[pri:0, instance:FlightBooking.AddTripTest@701fc37a]" started-at="2020-05-25T23:40:50Z" name="setUp" finished-at="2020-05-25T23:40:59Z" duration-ms="8531" status="PASS">
          <reporter-output>
          </reporter-output>
        </test-method> <!-- setUp -->
        <test-method signature="BookTrip()[pri:0, instance:FlightBooking.AddTripTest@701fc37a]" started-at="2020-05-25T23:40:59Z" name="BookTrip" finished-at="2020-05-25T23:41:10Z" duration-ms="11120" status="PASS">
          <reporter-output>
          </reporter-output>
        </test-method> <!-- BookTrip -->
        <test-method is-config="true" signature="tearDown()[pri:0, instance:FlightBooking.AddTripTest@701fc37a]" started-at="2020-05-25T23:41:10Z" name="tearDown" finished-at="2020-05-25T23:41:14Z" duration-ms="4039" status="PASS">
          <reporter-output>
          </reporter-output>
        </test-method> <!-- tearDown -->
      </class> <!-- FlightBooking.AddTripTest -->
    </test> <!-- ExpediaSearchPage -->
  </suite> <!-- TestSuite -->
</testng-results>
