<?xml version="1.0" encoding="UTF-8"?>
<testsuite xmlns:xsi="http://www.w3.org/2001/XMLSchema-instance" xsi:noNamespaceSchemaLocation="https://maven.apache.org/surefire/maven-surefire-plugin/xsd/surefire-test-report.xsd" name="MathProblem.TestAvg" time="0.708" tests="3" errors="0" skipped="0" failures="0">
  <properties>
[...]
</properties>
  <testcase name="testNegative2 on testNegative2(MathProblem.TestAvg)" classname="MathProblem.TestAvg" time="0.008"/>
  <testcase name="testPositive on testPositive(MathProblem.TestAvg)" classname="MathProblem.TestAvg" time="0.019"/>
  <testcase name="testNegative on testNegative(MathProblem.TestAvg)" classname="MathProblem.TestAvg" time="0.023"/>
</testsuite>