<?xml version="1.0" encoding="UTF-8"?>
<testng-results ignored="0" total="1" passed="1" failed="0" skipped="0">
  <reporter-output>
  </reporter-output>
  <suite started-at="2020-05-25T19:22:40Z" name="Default suite" finished-at="2020-05-25T19:22:58Z" duration-ms="18053">
    <groups>
    </groups>
    <test started-at="2020-05-25T19:22:40Z" name="Default test" finished-at="2020-05-25T19:22:58Z" duration-ms="18053">
      <class name="FlightBooking.AddTripTest">
        <test-method is-config="true" signature="setUp()[pri:0, instance:FlightBooking.AddTripTest@58d75e99]" started-at="2020-05-25T22:22:40Z" name="setUp" finished-at="2020-05-25T22:22:46Z" duration-ms="6166" status="PASS">
          <reporter-output>
          </reporter-output>
        </test-method> <!-- setUp -->
        <test-method signature="BookTrip()[pri:0, instance:FlightBooking.AddTripTest@58d75e99]" started-at="2020-05-25T22:22:46Z" name="BookTrip" finished-at="2020-05-25T22:22:54Z" duration-ms="7943" status="PASS">
          <reporter-output>
          </reporter-output>
        </test-method> <!-- BookTrip -->
        <test-method is-config="true" signature="tearDown()[pri:0, instance:FlightBooking.AddTripTest@58d75e99]" started-at="2020-05-25T22:22:54Z" name="tearDown" finished-at="2020-05-25T22:22:58Z" duration-ms="3903" status="PASS">
          <reporter-output>
          </reporter-output>
        </test-method> <!-- tearDown -->
      </class> <!-- FlightBooking.AddTripTest -->
    </test> <!-- Default test -->
  </suite> <!-- Default suite -->
</testng-results>
