<?xml version="1.0" encoding="UTF-8"?>
<testng-results ignored="0" total="1" passed="1" failed="0" skipped="0">
  <reporter-output>
  </reporter-output>
  <suite started-at="2020-05-27T16:22:26Z" name="Default suite" finished-at="2020-05-27T16:22:43Z" duration-ms="17748">
    <groups>
    </groups>
    <test started-at="2020-05-27T16:22:26Z" name="Default test" finished-at="2020-05-27T16:22:43Z" duration-ms="17748">
      <class name="FlightBooking.AddTripTest">
        <test-method is-config="true" signature="setUp()[pri:0, instance:FlightBooking.AddTripTest@43dac38f]" started-at="2020-05-27T19:22:26Z" name="setUp" finished-at="2020-05-27T19:22:35Z" duration-ms="9904" status="PASS">
          <reporter-output>
          </reporter-output>
        </test-method> <!-- setUp -->
        <test-method signature="BookTrip()[pri:0, instance:FlightBooking.AddTripTest@43dac38f]" started-at="2020-05-27T19:22:36Z" name="BookTrip" finished-at="2020-05-27T19:22:39Z" duration-ms="3815" status="PASS">
          <reporter-output>
          </reporter-output>
        </test-method> <!-- BookTrip -->
        <test-method is-config="true" signature="tearDown()[pri:0, instance:FlightBooking.AddTripTest@43dac38f]" started-at="2020-05-27T19:22:39Z" name="tearDown" finished-at="2020-05-27T19:22:43Z" duration-ms="4000" status="PASS">
          <reporter-output>
          </reporter-output>
        </test-method> <!-- tearDown -->
      </class> <!-- FlightBooking.AddTripTest -->
    </test> <!-- Default test -->
  </suite> <!-- Default suite -->
</testng-results>
