<?xml version="1.0" encoding="UTF-8"?>
<!-- Generated by org.testng.reporters.JUnitXMLReporter -->
<testsuite ignored="0" hostname="DESKTOP-COMQHP6" failures="0" tests="3" name="Surefire test" time="0.117" errors="0" timestamp="16 May 2020 10:18:11 GMT">
  <testcase classname="MathProblem.TestAvg" name="testNegative2 on testNegative2(MathProblem.TestAvg)" time="0.02"/>
  <testcase classname="MathProblem.TestAvg" name="testPositive on testPositive(MathProblem.TestAvg)" time="0.02"/>
  <testcase classname="MathProblem.TestAvg" name="testNegative on testNegative(MathProblem.TestAvg)" time="0.02"/>
</testsuite> <!-- Surefire test -->
